[debug] [2023-09-24T11:54:25.594Z] ----------------------------------------------------------------------
[debug] [2023-09-24T11:54:25.597Z] Command:       C:\Program Files\nodejs\node.exe C:\Users\1812247\AppData\Roaming\npm\node_modules\firebase-tools\lib\bin\firebase.js init
[debug] [2023-09-24T11:54:25.598Z] CLI Version:   12.5.4
[debug] [2023-09-24T11:54:25.598Z] Platform:      win32
[debug] [2023-09-24T11:54:25.599Z] Node Version:  v18.13.0
[debug] [2023-09-24T11:54:25.601Z] Time:          Sun Sep 24 2023 17:24:25 GMT+0530 (India Standard Time)
[debug] [2023-09-24T11:54:25.601Z] ----------------------------------------------------------------------
[debug] 
[debug] [2023-09-24T11:54:25.754Z] > command requires scopes: ["email","openid","https://www.googleapis.com/auth/cloudplatformprojects.readonly","https://www.googleapis.com/auth/firebase","https://www.googleapis.com/auth/cloud-platform"]
[debug] [2023-09-24T11:54:25.755Z] > authorizing via signed-in user (ssudharsan210@gmail.com)
[info] 
     ######## #### ########  ######## ########     ###     ######  ########
     ##        ##  ##     ## ##       ##     ##  ##   ##  ##       ##
     ######    ##  ########  ######   ########  #########  ######  ######
     ##        ##  ##    ##  ##       ##     ## ##     ##       ## ##
     ##       #### ##     ## ######## ########  ##     ##  ######  ########

You're about to initialize a Firebase project in this directory:

  C:\L\6th Set - Projects\gmail-clone

Before we get started, keep in mind:

  * You are currently outside your home directory
  * You are initializing within an existing Firebase project directory

